# JRE version: Java(TM) SE Runtime Environment (8.0_351-b10) (build 1.8.0_351-b10)
# Java VM: Java HotSpot(TM) 64-Bit Server VM (25.351-b10 mixed mode windows-amd64 compressed oops)
Heap:
 PSYoungGen      total 67072K, used 45095K [0x0000000775980000, 0x000000077ac80000, 0x00000007c0000000)
  eden space 57856K, 74% used [0x0000000775980000,0x00000007783decf0,0x0000000779200000)
  from space 9216K, 18% used [0x0000000779200000,0x00000007793ab048,0x0000000779b00000)
  to   space 9216K, 0% used [0x000000077a380000,0x000000077a380000,0x000000077ac80000)
 ParOldGen       total 317440K, used 247849K [0x00000006e0c00000, 0x00000006f4200000, 0x0000000775980000)
  object space 317440K, 78% used [0x00000006e0c00000,0x00000006efe0a738,0x00000006f4200000)
 Metaspace       used 27794K, capacity 28274K, committed 28672K, reserved 1075200K
  class space    used 3652K, capacity 3784K, committed 3840K, reserved 1048576K
GC Heap History (8 events):
Event: 1.475 GC heap before
{Heap before GC invocations=1 (full 0):
 PSYoungGen      total 67072K, used 45231K [0x0000000775980000, 0x000000077a400000, 0x00000007c0000000)
  eden space 57856K, 78% used [0x0000000775980000,0x00000007785abf90,0x0000000779200000)
  from space 9216K, 0% used [0x0000000779b00000,0x0000000779b00000,0x000000077a400000)
  to   space 9216K, 0% used [0x0000000779200000,0x0000000779200000,0x0000000779b00000)
 ParOldGen       total 153088K, used 0K [0x00000006e0c00000, 0x00000006ea180000, 0x0000000775980000)
  object space 153088K, 0% used [0x00000006e0c00000,0x00000006e0c00000,0x00000006ea180000)
 Metaspace       used 20746K, capacity 20996K, committed 21248K, reserved 1067008K
  class space    used 2629K, capacity 2727K, committed 2816K, reserved 1048576K
Event: 1.482 GC heap after
Heap after GC invocations=1 (full 0):
 PSYoungGen      total 67072K, used 9202K [0x0000000775980000, 0x000000077a400000, 0x00000007c0000000)
  eden space 57856K, 0% used [0x0000000775980000,0x0000000775980000,0x0000000779200000)
  from space 9216K, 99% used [0x0000000779200000,0x0000000779afcba8,0x0000000779b00000)
  to   space 9216K, 0% used [0x0000000779b00000,0x0000000779b00000,0x000000077a400000)
 ParOldGen       total 153088K, used 2230K [0x00000006e0c00000, 0x00000006ea180000, 0x0000000775980000)
  object space 153088K, 1% used [0x00000006e0c00000,0x00000006e0e2d970,0x00000006ea180000)
 Metaspace       used 20746K, capacity 20996K, committed 21248K, reserved 1067008K
  class space    used 2629K, capacity 2727K, committed 2816K, reserved 1048576K
}
Event: 1.482 GC heap before
{Heap before GC invocations=2 (full 1):
 PSYoungGen      total 67072K, used 9202K [0x0000000775980000, 0x000000077a400000, 0x00000007c0000000)
  eden space 57856K, 0% used [0x0000000775980000,0x0000000775980000,0x0000000779200000)
  from space 9216K, 99% used [0x0000000779200000,0x0000000779afcba8,0x0000000779b00000)
  to   space 9216K, 0% used [0x0000000779b00000,0x0000000779b00000,0x000000077a400000)
 ParOldGen       total 153088K, used 2230K [0x00000006e0c00000, 0x00000006ea180000, 0x0000000775980000)
  object space 153088K, 1% used [0x00000006e0c00000,0x00000006e0e2d970,0x00000006ea180000)
 Metaspace       used 20746K, capacity 20996K, committed 21248K, reserved 1067008K
  class space    used 2629K, capacity 2727K, committed 2816K, reserved 1048576K
Event: 1.503 GC heap after
Heap after GC invocations=2 (full 1):
 PSYoungGen      total 67072K, used 0K [0x0000000775980000, 0x000000077a400000, 0x00000007c0000000)
  eden space 57856K, 0% used [0x0000000775980000,0x0000000775980000,0x0000000779200000)
  from space 9216K, 0% used [0x0000000779200000,0x0000000779200000,0x0000000779b00000)
  to   space 9216K, 0% used [0x0000000779b00000,0x0000000779b00000,0x000000077a400000)
 ParOldGen       total 115200K, used 11037K [0x00000006e0c00000, 0x00000006e7c80000, 0x0000000775980000)
  object space 115200K, 9% used [0x00000006e0c00000,0x00000006e16c7580,0x00000006e7c80000)
 Metaspace       used 20746K, capacity 20996K, committed 21248K, reserved 1067008K
  class space    used 2629K, capacity 2727K, committed 2816K, reserved 1048576K
}
Event: 3.042 GC heap before
{Heap before GC invocations=3 (full 1):
 PSYoungGen      total 67072K, used 34132K [0x0000000775980000, 0x000000077a400000, 0x00000007c0000000)
  eden space 57856K, 58% used [0x0000000775980000,0x0000000777ad52c0,0x0000000779200000)
  from space 9216K, 0% used [0x0000000779200000,0x0000000779200000,0x0000000779b00000)
  to   space 9216K, 0% used [0x0000000779b00000,0x0000000779b00000,0x000000077a400000)
 ParOldGen       total 115200K, used 11037K [0x00000006e0c00000, 0x00000006e7c80000, 0x0000000775980000)
  object space 115200K, 9% used [0x00000006e0c00000,0x00000006e16c7580,0x00000006e7c80000)
 Metaspace       used 26425K, capacity 26752K, committed 27264K, reserved 1073152K
  class space    used 3537K, capacity 3627K, committed 3712K, reserved 1048576K
Event: 3.044 GC heap after
Heap after GC invocations=3 (full 1):
 PSYoungGen      total 67072K, used 2112K [0x0000000775980000, 0x000000077ad80000, 0x00000007c0000000)
  eden space 57856K, 0% used [0x0000000775980000,0x0000000775980000,0x0000000779200000)
  from space 9216K, 22% used [0x0000000779b00000,0x0000000779d10138,0x000000077a400000)
  to   space 9216K, 0% used [0x0000000779200000,0x0000000779200000,0x0000000779b00000)
 ParOldGen       total 115200K, used 11045K [0x00000006e0c00000, 0x00000006e7c80000, 0x0000000775980000)
  object space 115200K, 9% used [0x00000006e0c00000,0x00000006e16c9580,0x00000006e7c80000)
 Metaspace       used 26425K, capacity 26752K, committed 27264K, reserved 1073152K
  class space    used 3537K, capacity 3627K, committed 3712K, reserved 1048576K
}
Event: 3.925 GC heap before
{Heap before GC invocations=4 (full 1):
 PSYoungGen      total 67072K, used 59514K [0x0000000775980000, 0x000000077ad80000, 0x00000007c0000000)
  eden space 57856K, 99% used [0x0000000775980000,0x000000077918e738,0x0000000779200000)
  from space 9216K, 22% used [0x0000000779b00000,0x0000000779d10138,0x000000077a400000)
  to   space 9216K, 0% used [0x0000000779200000,0x0000000779200000,0x0000000779b00000)
 ParOldGen       total 192000K, used 122461K [0x00000006e0c00000, 0x00000006ec780000, 0x0000000775980000)
  object space 192000K, 63% used [0x00000006e0c00000,0x00000006e83974a0,0x00000006ec780000)
 Metaspace       used 26662K, capacity 27012K, committed 27264K, reserved 1073152K
  class space    used 3556K, capacity 3669K, committed 3712K, reserved 1048576K
Event: 3.927 GC heap after
Heap after GC invocations=4 (full 1):
 PSYoungGen      total 67072K, used 1708K [0x0000000775980000, 0x000000077ac80000, 0x00000007c0000000)
  eden space 57856K, 0% used [0x0000000775980000,0x0000000775980000,0x0000000779200000)
  from space 9216K, 18% used [0x0000000779200000,0x00000007793ab048,0x0000000779b00000)
  to   space 9216K, 0% used [0x000000077a380000,0x000000077a380000,0x000000077ac80000)
 ParOldGen       total 192000K, used 122469K [0x00000006e0c00000, 0x00000006ec780000, 0x0000000775980000)
  object space 192000K, 63% used [0x00000006e0c00000,0x00000006e83994a0,0x00000006ec780000)
 Metaspace       used 26662K, capacity 27012K, committed 27264K, reserved 1073152K
  class space    used 3556K, capacity 3669K, committed 3712K, reserved 1048576K
}

